This file contains any messages produced by compilers while
running configure, to aid debugging if configure makes a mistake.

It was created by libbgpdump configure 1.4.99.14, which was
generated by GNU Autoconf 2.69.  Invocation command line was

  $ ./configure 

## --------- ##
## Platform. ##
## --------- ##

hostname = thibault-0219.ad.office.opendns.com
uname -m = x86_64
uname -r = 13.1.0
uname -s = Darwin
uname -v = Darwin Kernel Version 13.1.0: Thu Jan 16 19:40:37 PST 2014; root:xnu-2422.90.20~2/RELEASE_X86_64

/usr/bin/uname -p = i386
/bin/uname -X     = unknown

/bin/arch              = unknown
/usr/bin/arch -k       = unknown
/usr/convex/getsysinfo = unknown
/usr/bin/hostinfo      = Mach kernel version:
	 Darwin Kernel Version 13.1.0: Thu Jan 16 19:40:37 PST 2014; root:xnu-2422.90.20~2/RELEASE_X86_64
Kernel configured for up to 8 processors.
4 processors are physically available.
8 processors are logically available.
Processor type: i486 (Intel 80486)
Processors active: 0 1 2 3 4 5 6 7
Primary memory available: 16.00 gigabytes
Default processor set: 192 tasks, 913 threads, 8 processors
Load average: 1.34, Mach factor: 6.64
/bin/machine           = unknown
/usr/bin/oslevel       = unknown
/bin/universe          = unknown

PATH: /Users/thibault/Workspace/llvm32build/bin
PATH: /usr/local/bin
PATH: /usr/bin
PATH: /bin
PATH: /usr/sbin
PATH: /sbin
PATH: /usr/local/bin
PATH: /opt/X11/bin
PATH: /usr/local/munki


## ----------- ##
## Core tests. ##
## ----------- ##

configure:2198: checking for gcc
configure:2214: found /usr/bin/gcc
configure:2225: result: gcc
configure:2454: checking for C compiler version
configure:2463: gcc --version >&5
Apple LLVM version 5.0 (clang-500.2.79) (based on LLVM 3.3svn)
Target: x86_64-apple-darwin13.1.0
Thread model: posix
Configured with: --prefix=/Applications/Xcode.app/Contents/Developer/usr --with-gxx-include-dir=/usr/include/c++/4.2.1
configure:2474: $? = 0
configure:2463: gcc -v >&5
Configured with: --prefix=/Applications/Xcode.app/Contents/Developer/usr --with-gxx-include-dir=/usr/include/c++/4.2.1
Apple LLVM version 5.0 (clang-500.2.79) (based on LLVM 3.3svn)
Target: x86_64-apple-darwin13.1.0
Thread model: posix
configure:2474: $? = 0
configure:2463: gcc -V >&5
clang: error: argument to '-V' is missing (expected 1 value)
clang: error: no input files
configure:2474: $? = 1
configure:2463: gcc -qversion >&5
clang: error: no input files
configure:2474: $? = 1
configure:2494: checking whether the C compiler works
configure:2516: gcc  -g -O3 -Wall -Wsystem-headers -Wno-format-y2k -Wno-sign-compare -Wcast-align -Wmissing-prototypes -Wpointer-arith -Wreturn-type -Wswitch -Wshadow   conftest.c  >&5
configure:2520: $? = 0
configure:2568: result: yes
configure:2571: checking for C compiler default output file name
configure:2573: result: a.out
configure:2579: checking for suffix of executables
configure:2586: gcc -o conftest  -g -O3 -Wall -Wsystem-headers -Wno-format-y2k -Wno-sign-compare -Wcast-align -Wmissing-prototypes -Wpointer-arith -Wreturn-type -Wswitch -Wshadow   conftest.c  >&5
configure:2590: $? = 0
configure:2612: result: 
configure:2634: checking whether we are cross compiling
configure:2642: gcc -o conftest  -g -O3 -Wall -Wsystem-headers -Wno-format-y2k -Wno-sign-compare -Wcast-align -Wmissing-prototypes -Wpointer-arith -Wreturn-type -Wswitch -Wshadow   conftest.c  >&5
configure:2646: $? = 0
configure:2653: ./conftest
configure:2657: $? = 0
configure:2672: result: no
configure:2677: checking for suffix of object files
configure:2699: gcc -c  -g -O3 -Wall -Wsystem-headers -Wno-format-y2k -Wno-sign-compare -Wcast-align -Wmissing-prototypes -Wpointer-arith -Wreturn-type -Wswitch -Wshadow  conftest.c >&5
configure:2703: $? = 0
configure:2724: result: o
configure:2728: checking whether we are using the GNU C compiler
configure:2747: gcc -c  -g -O3 -Wall -Wsystem-headers -Wno-format-y2k -Wno-sign-compare -Wcast-align -Wmissing-prototypes -Wpointer-arith -Wreturn-type -Wswitch -Wshadow  conftest.c >&5
configure:2747: $? = 0
configure:2756: result: yes
configure:2765: checking whether gcc accepts -g
configure:2785: gcc -c -g  conftest.c >&5
configure:2785: $? = 0
configure:2826: result: yes
configure:2843: checking for gcc option to accept ISO C89
configure:2906: gcc  -c  -g -O3 -Wall -Wsystem-headers -Wno-format-y2k -Wno-sign-compare -Wcast-align -Wmissing-prototypes -Wpointer-arith -Wreturn-type -Wswitch -Wshadow  conftest.c >&5
In file included from conftest.c:10:
In file included from /usr/include/stdio.h:71:
/usr/include/sys/_types/_va_list.h:31:26: warning: redefinition of typedef 'va_list' is a C11 feature [-Wtypedef-redefinition]
typedef __darwin_va_list va_list;
                         ^
/Applications/Xcode.app/Contents/Developer/Toolchains/XcodeDefault.xctoolchain/usr/bin/../lib/clang/5.0/include/stdarg.h:30:27: note: previous definition is here
typedef __builtin_va_list va_list;
                          ^
1 warning generated.
configure:2906: $? = 0
configure:2919: result: none needed
configure:2982: checking for ranlib
configure:2998: found /usr/bin/ranlib
configure:3009: result: ranlib
configure:3039: checking how to run the C preprocessor
configure:3070: gcc -E  conftest.c
configure:3070: $? = 0
configure:3084: gcc -E  conftest.c
conftest.c:9:10: fatal error: 'ac_nonexistent.h' file not found
#include <ac_nonexistent.h>
         ^
1 error generated.
configure:3084: $? = 1
configure: failed program was:
| /* confdefs.h */
| #define PACKAGE_NAME "libbgpdump"
| #define PACKAGE_TARNAME "libbgpdump"
| #define PACKAGE_VERSION "1.4.99.14"
| #define PACKAGE_STRING "libbgpdump 1.4.99.14"
| #define PACKAGE_BUGREPORT "ris@ripe.net"
| #define PACKAGE_URL ""
| /* end confdefs.h.  */
| #include <ac_nonexistent.h>
configure:3109: result: gcc -E
configure:3129: gcc -E  conftest.c
configure:3129: $? = 0
configure:3143: gcc -E  conftest.c
conftest.c:9:10: fatal error: 'ac_nonexistent.h' file not found
#include <ac_nonexistent.h>
         ^
1 error generated.
configure:3143: $? = 1
configure: failed program was:
| /* confdefs.h */
| #define PACKAGE_NAME "libbgpdump"
| #define PACKAGE_TARNAME "libbgpdump"
| #define PACKAGE_VERSION "1.4.99.14"
| #define PACKAGE_STRING "libbgpdump 1.4.99.14"
| #define PACKAGE_BUGREPORT "ris@ripe.net"
| #define PACKAGE_URL ""
| /* end confdefs.h.  */
| #include <ac_nonexistent.h>
configure:3172: checking for grep that handles long lines and -e
configure:3230: result: /usr/bin/grep
configure:3235: checking for egrep
configure:3297: result: /usr/bin/grep -E
configure:3302: checking for ANSI C header files
configure:3322: gcc -c  -g -O3 -Wall -Wsystem-headers -Wno-format-y2k -Wno-sign-compare -Wcast-align -Wmissing-prototypes -Wpointer-arith -Wreturn-type -Wswitch -Wshadow  conftest.c >&5
configure:3322: $? = 0
configure:3395: gcc -o conftest  -g -O3 -Wall -Wsystem-headers -Wno-format-y2k -Wno-sign-compare -Wcast-align -Wmissing-prototypes -Wpointer-arith -Wreturn-type -Wswitch -Wshadow   conftest.c  >&5
configure:3395: $? = 0
configure:3395: ./conftest
configure:3395: $? = 0
configure:3406: result: yes
configure:3419: checking for sys/types.h
configure:3419: gcc -c  -g -O3 -Wall -Wsystem-headers -Wno-format-y2k -Wno-sign-compare -Wcast-align -Wmissing-prototypes -Wpointer-arith -Wreturn-type -Wswitch -Wshadow  conftest.c >&5
configure:3419: $? = 0
configure:3419: result: yes
configure:3419: checking for sys/stat.h
configure:3419: gcc -c  -g -O3 -Wall -Wsystem-headers -Wno-format-y2k -Wno-sign-compare -Wcast-align -Wmissing-prototypes -Wpointer-arith -Wreturn-type -Wswitch -Wshadow  conftest.c >&5
configure:3419: $? = 0
configure:3419: result: yes
configure:3419: checking for stdlib.h
configure:3419: gcc -c  -g -O3 -Wall -Wsystem-headers -Wno-format-y2k -Wno-sign-compare -Wcast-align -Wmissing-prototypes -Wpointer-arith -Wreturn-type -Wswitch -Wshadow  conftest.c >&5
configure:3419: $? = 0
configure:3419: result: yes
configure:3419: checking for string.h
configure:3419: gcc -c  -g -O3 -Wall -Wsystem-headers -Wno-format-y2k -Wno-sign-compare -Wcast-align -Wmissing-prototypes -Wpointer-arith -Wreturn-type -Wswitch -Wshadow  conftest.c >&5
configure:3419: $? = 0
configure:3419: result: yes
configure:3419: checking for memory.h
configure:3419: gcc -c  -g -O3 -Wall -Wsystem-headers -Wno-format-y2k -Wno-sign-compare -Wcast-align -Wmissing-prototypes -Wpointer-arith -Wreturn-type -Wswitch -Wshadow  conftest.c >&5
configure:3419: $? = 0
configure:3419: result: yes
configure:3419: checking for strings.h
configure:3419: gcc -c  -g -O3 -Wall -Wsystem-headers -Wno-format-y2k -Wno-sign-compare -Wcast-align -Wmissing-prototypes -Wpointer-arith -Wreturn-type -Wswitch -Wshadow  conftest.c >&5
configure:3419: $? = 0
configure:3419: result: yes
configure:3419: checking for inttypes.h
configure:3419: gcc -c  -g -O3 -Wall -Wsystem-headers -Wno-format-y2k -Wno-sign-compare -Wcast-align -Wmissing-prototypes -Wpointer-arith -Wreturn-type -Wswitch -Wshadow  conftest.c >&5
configure:3419: $? = 0
configure:3419: result: yes
configure:3419: checking for stdint.h
configure:3419: gcc -c  -g -O3 -Wall -Wsystem-headers -Wno-format-y2k -Wno-sign-compare -Wcast-align -Wmissing-prototypes -Wpointer-arith -Wreturn-type -Wswitch -Wshadow  conftest.c >&5
configure:3419: $? = 0
configure:3419: result: yes
configure:3419: checking for unistd.h
configure:3419: gcc -c  -g -O3 -Wall -Wsystem-headers -Wno-format-y2k -Wno-sign-compare -Wcast-align -Wmissing-prototypes -Wpointer-arith -Wreturn-type -Wswitch -Wshadow  conftest.c >&5
configure:3419: $? = 0
configure:3419: result: yes
configure:3434: checking arpa/inet.h usability
configure:3434: gcc -c  -g -O3 -Wall -Wsystem-headers -Wno-format-y2k -Wno-sign-compare -Wcast-align -Wmissing-prototypes -Wpointer-arith -Wreturn-type -Wswitch -Wshadow  conftest.c >&5
configure:3434: $? = 0
configure:3434: result: yes
configure:3434: checking arpa/inet.h presence
configure:3434: gcc -E  conftest.c
configure:3434: $? = 0
configure:3434: result: yes
configure:3434: checking for arpa/inet.h
configure:3434: result: yes
configure:3434: checking netinet/in.h usability
configure:3434: gcc -c  -g -O3 -Wall -Wsystem-headers -Wno-format-y2k -Wno-sign-compare -Wcast-align -Wmissing-prototypes -Wpointer-arith -Wreturn-type -Wswitch -Wshadow  conftest.c >&5
configure:3434: $? = 0
configure:3434: result: yes
configure:3434: checking netinet/in.h presence
configure:3434: gcc -E  conftest.c
configure:3434: $? = 0
configure:3434: result: yes
configure:3434: checking for netinet/in.h
configure:3434: result: yes
configure:3434: checking syslog.h usability
configure:3434: gcc -c  -g -O3 -Wall -Wsystem-headers -Wno-format-y2k -Wno-sign-compare -Wcast-align -Wmissing-prototypes -Wpointer-arith -Wreturn-type -Wswitch -Wshadow  conftest.c >&5
configure:3434: $? = 0
configure:3434: result: yes
configure:3434: checking syslog.h presence
configure:3434: gcc -E  conftest.c
configure:3434: $? = 0
configure:3434: result: yes
configure:3434: checking for syslog.h
configure:3434: result: yes
configure:3444: checking whether struct tm is in sys/time.h or time.h
configure:3464: gcc -c  -g -O3 -Wall -Wsystem-headers -Wno-format-y2k -Wno-sign-compare -Wcast-align -Wmissing-prototypes -Wpointer-arith -Wreturn-type -Wswitch -Wshadow  conftest.c >&5
configure:3464: $? = 0
configure:3471: result: time.h
configure:3481: checking for u_char_t
configure:3481: gcc -c  -g -O3 -Wall -Wsystem-headers -Wno-format-y2k -Wno-sign-compare -Wcast-align -Wmissing-prototypes -Wpointer-arith -Wreturn-type -Wswitch -Wshadow  conftest.c >&5
conftest.c:58:13: error: use of undeclared identifier 'u_char_t'
if (sizeof (u_char_t))
            ^
1 error generated.
configure:3481: $? = 1
configure: failed program was:
| /* confdefs.h */
| #define PACKAGE_NAME "libbgpdump"
| #define PACKAGE_TARNAME "libbgpdump"
| #define PACKAGE_VERSION "1.4.99.14"
| #define PACKAGE_STRING "libbgpdump 1.4.99.14"
| #define PACKAGE_BUGREPORT "ris@ripe.net"
| #define PACKAGE_URL ""
| #define STDC_HEADERS 1
| #define HAVE_SYS_TYPES_H 1
| #define HAVE_SYS_STAT_H 1
| #define HAVE_STDLIB_H 1
| #define HAVE_STRING_H 1
| #define HAVE_MEMORY_H 1
| #define HAVE_STRINGS_H 1
| #define HAVE_INTTYPES_H 1
| #define HAVE_STDINT_H 1
| #define HAVE_UNISTD_H 1
| #define HAVE_ARPA_INET_H 1
| #define HAVE_NETINET_IN_H 1
| #define HAVE_SYSLOG_H 1
| /* end confdefs.h.  */
| #include <stdio.h>
| #ifdef HAVE_SYS_TYPES_H
| # include <sys/types.h>
| #endif
| #ifdef HAVE_SYS_STAT_H
| # include <sys/stat.h>
| #endif
| #ifdef STDC_HEADERS
| # include <stdlib.h>
| # include <stddef.h>
| #else
| # ifdef HAVE_STDLIB_H
| #  include <stdlib.h>
| # endif
| #endif
| #ifdef HAVE_STRING_H
| # if !defined STDC_HEADERS && defined HAVE_MEMORY_H
| #  include <memory.h>
| # endif
| # include <string.h>
| #endif
| #ifdef HAVE_STRINGS_H
| # include <strings.h>
| #endif
| #ifdef HAVE_INTTYPES_H
| # include <inttypes.h>
| #endif
| #ifdef HAVE_STDINT_H
| # include <stdint.h>
| #endif
| #ifdef HAVE_UNISTD_H
| # include <unistd.h>
| #endif
| int
| main ()
| {
| if (sizeof (u_char_t))
| 	 return 0;
|   ;
|   return 0;
| }
configure:3481: result: no
configure:3490: checking for u_int8_t
configure:3490: gcc -c  -g -O3 -Wall -Wsystem-headers -Wno-format-y2k -Wno-sign-compare -Wcast-align -Wmissing-prototypes -Wpointer-arith -Wreturn-type -Wswitch -Wshadow  conftest.c >&5
configure:3490: $? = 0
configure:3490: gcc -c  -g -O3 -Wall -Wsystem-headers -Wno-format-y2k -Wno-sign-compare -Wcast-align -Wmissing-prototypes -Wpointer-arith -Wreturn-type -Wswitch -Wshadow  conftest.c >&5
conftest.c:59:23: error: expected expression
if (sizeof ((u_int8_t)))
                      ^
1 error generated.
configure:3490: $? = 1
configure: failed program was:
| /* confdefs.h */
| #define PACKAGE_NAME "libbgpdump"
| #define PACKAGE_TARNAME "libbgpdump"
| #define PACKAGE_VERSION "1.4.99.14"
| #define PACKAGE_STRING "libbgpdump 1.4.99.14"
| #define PACKAGE_BUGREPORT "ris@ripe.net"
| #define PACKAGE_URL ""
| #define STDC_HEADERS 1
| #define HAVE_SYS_TYPES_H 1
| #define HAVE_SYS_STAT_H 1
| #define HAVE_STDLIB_H 1
| #define HAVE_STRING_H 1
| #define HAVE_MEMORY_H 1
| #define HAVE_STRINGS_H 1
| #define HAVE_INTTYPES_H 1
| #define HAVE_STDINT_H 1
| #define HAVE_UNISTD_H 1
| #define HAVE_ARPA_INET_H 1
| #define HAVE_NETINET_IN_H 1
| #define HAVE_SYSLOG_H 1
| #define u_char_t uchar_t
| /* end confdefs.h.  */
| #include <stdio.h>
| #ifdef HAVE_SYS_TYPES_H
| # include <sys/types.h>
| #endif
| #ifdef HAVE_SYS_STAT_H
| # include <sys/stat.h>
| #endif
| #ifdef STDC_HEADERS
| # include <stdlib.h>
| # include <stddef.h>
| #else
| # ifdef HAVE_STDLIB_H
| #  include <stdlib.h>
| # endif
| #endif
| #ifdef HAVE_STRING_H
| # if !defined STDC_HEADERS && defined HAVE_MEMORY_H
| #  include <memory.h>
| # endif
| # include <string.h>
| #endif
| #ifdef HAVE_STRINGS_H
| # include <strings.h>
| #endif
| #ifdef HAVE_INTTYPES_H
| # include <inttypes.h>
| #endif
| #ifdef HAVE_STDINT_H
| # include <stdint.h>
| #endif
| #ifdef HAVE_UNISTD_H
| # include <unistd.h>
| #endif
| int
| main ()
| {
| if (sizeof ((u_int8_t)))
| 	    return 0;
|   ;
|   return 0;
| }
configure:3490: result: yes
configure:3499: checking for u_int16_t
configure:3499: gcc -c  -g -O3 -Wall -Wsystem-headers -Wno-format-y2k -Wno-sign-compare -Wcast-align -Wmissing-prototypes -Wpointer-arith -Wreturn-type -Wswitch -Wshadow  conftest.c >&5
configure:3499: $? = 0
configure:3499: gcc -c  -g -O3 -Wall -Wsystem-headers -Wno-format-y2k -Wno-sign-compare -Wcast-align -Wmissing-prototypes -Wpointer-arith -Wreturn-type -Wswitch -Wshadow  conftest.c >&5
conftest.c:59:24: error: expected expression
if (sizeof ((u_int16_t)))
                       ^
1 error generated.
configure:3499: $? = 1
configure: failed program was:
| /* confdefs.h */
| #define PACKAGE_NAME "libbgpdump"
| #define PACKAGE_TARNAME "libbgpdump"
| #define PACKAGE_VERSION "1.4.99.14"
| #define PACKAGE_STRING "libbgpdump 1.4.99.14"
| #define PACKAGE_BUGREPORT "ris@ripe.net"
| #define PACKAGE_URL ""
| #define STDC_HEADERS 1
| #define HAVE_SYS_TYPES_H 1
| #define HAVE_SYS_STAT_H 1
| #define HAVE_STDLIB_H 1
| #define HAVE_STRING_H 1
| #define HAVE_MEMORY_H 1
| #define HAVE_STRINGS_H 1
| #define HAVE_INTTYPES_H 1
| #define HAVE_STDINT_H 1
| #define HAVE_UNISTD_H 1
| #define HAVE_ARPA_INET_H 1
| #define HAVE_NETINET_IN_H 1
| #define HAVE_SYSLOG_H 1
| #define u_char_t uchar_t
| /* end confdefs.h.  */
| #include <stdio.h>
| #ifdef HAVE_SYS_TYPES_H
| # include <sys/types.h>
| #endif
| #ifdef HAVE_SYS_STAT_H
| # include <sys/stat.h>
| #endif
| #ifdef STDC_HEADERS
| # include <stdlib.h>
| # include <stddef.h>
| #else
| # ifdef HAVE_STDLIB_H
| #  include <stdlib.h>
| # endif
| #endif
| #ifdef HAVE_STRING_H
| # if !defined STDC_HEADERS && defined HAVE_MEMORY_H
| #  include <memory.h>
| # endif
| # include <string.h>
| #endif
| #ifdef HAVE_STRINGS_H
| # include <strings.h>
| #endif
| #ifdef HAVE_INTTYPES_H
| # include <inttypes.h>
| #endif
| #ifdef HAVE_STDINT_H
| # include <stdint.h>
| #endif
| #ifdef HAVE_UNISTD_H
| # include <unistd.h>
| #endif
| int
| main ()
| {
| if (sizeof ((u_int16_t)))
| 	    return 0;
|   ;
|   return 0;
| }
configure:3499: result: yes
configure:3508: checking for u_int32_t
configure:3508: gcc -c  -g -O3 -Wall -Wsystem-headers -Wno-format-y2k -Wno-sign-compare -Wcast-align -Wmissing-prototypes -Wpointer-arith -Wreturn-type -Wswitch -Wshadow  conftest.c >&5
configure:3508: $? = 0
configure:3508: gcc -c  -g -O3 -Wall -Wsystem-headers -Wno-format-y2k -Wno-sign-compare -Wcast-align -Wmissing-prototypes -Wpointer-arith -Wreturn-type -Wswitch -Wshadow  conftest.c >&5
conftest.c:59:24: error: expected expression
if (sizeof ((u_int32_t)))
                       ^
1 error generated.
configure:3508: $? = 1
configure: failed program was:
| /* confdefs.h */
| #define PACKAGE_NAME "libbgpdump"
| #define PACKAGE_TARNAME "libbgpdump"
| #define PACKAGE_VERSION "1.4.99.14"
| #define PACKAGE_STRING "libbgpdump 1.4.99.14"
| #define PACKAGE_BUGREPORT "ris@ripe.net"
| #define PACKAGE_URL ""
| #define STDC_HEADERS 1
| #define HAVE_SYS_TYPES_H 1
| #define HAVE_SYS_STAT_H 1
| #define HAVE_STDLIB_H 1
| #define HAVE_STRING_H 1
| #define HAVE_MEMORY_H 1
| #define HAVE_STRINGS_H 1
| #define HAVE_INTTYPES_H 1
| #define HAVE_STDINT_H 1
| #define HAVE_UNISTD_H 1
| #define HAVE_ARPA_INET_H 1
| #define HAVE_NETINET_IN_H 1
| #define HAVE_SYSLOG_H 1
| #define u_char_t uchar_t
| /* end confdefs.h.  */
| #include <stdio.h>
| #ifdef HAVE_SYS_TYPES_H
| # include <sys/types.h>
| #endif
| #ifdef HAVE_SYS_STAT_H
| # include <sys/stat.h>
| #endif
| #ifdef STDC_HEADERS
| # include <stdlib.h>
| # include <stddef.h>
| #else
| # ifdef HAVE_STDLIB_H
| #  include <stdlib.h>
| # endif
| #endif
| #ifdef HAVE_STRING_H
| # if !defined STDC_HEADERS && defined HAVE_MEMORY_H
| #  include <memory.h>
| # endif
| # include <string.h>
| #endif
| #ifdef HAVE_STRINGS_H
| # include <strings.h>
| #endif
| #ifdef HAVE_INTTYPES_H
| # include <inttypes.h>
| #endif
| #ifdef HAVE_STDINT_H
| # include <stdint.h>
| #endif
| #ifdef HAVE_UNISTD_H
| # include <unistd.h>
| #endif
| int
| main ()
| {
| if (sizeof ((u_int32_t)))
| 	    return 0;
|   ;
|   return 0;
| }
configure:3508: result: yes
configure:3518: checking for gzopen in -lz
configure:3543: gcc -o conftest  -g -O3 -Wall -Wsystem-headers -Wno-format-y2k -Wno-sign-compare -Wcast-align -Wmissing-prototypes -Wpointer-arith -Wreturn-type -Wswitch -Wshadow   conftest.c -lz   >&5
configure:3543: $? = 0
configure:3552: result: yes
configure:3567: checking for BZ2_bzReadOpen in -lbz2
configure:3592: gcc -o conftest  -g -O3 -Wall -Wsystem-headers -Wno-format-y2k -Wno-sign-compare -Wcast-align -Wmissing-prototypes -Wpointer-arith -Wreturn-type -Wswitch -Wshadow   conftest.c -lbz2  -lz  >&5
configure:3592: $? = 0
configure:3601: result: yes
configure:3620: checking for inet_ntoa
configure:3620: gcc -o conftest  -g -O3 -Wall -Wsystem-headers -Wno-format-y2k -Wno-sign-compare -Wcast-align -Wmissing-prototypes -Wpointer-arith -Wreturn-type -Wswitch -Wshadow   conftest.c -lbz2 -lz  >&5
configure:3620: $? = 0
configure:3620: result: yes
configure:3679: checking for inet_ntop
configure:3679: gcc -o conftest  -g -O3 -Wall -Wsystem-headers -Wno-format-y2k -Wno-sign-compare -Wcast-align -Wmissing-prototypes -Wpointer-arith -Wreturn-type -Wswitch -Wshadow   conftest.c -lbz2 -lz  >&5
configure:3679: $? = 0
configure:3679: result: yes
configure:3861: creating ./config.status

## ---------------------- ##
## Running config.status. ##
## ---------------------- ##

This file was extended by libbgpdump config.status 1.4.99.14, which was
generated by GNU Autoconf 2.69.  Invocation command line was

  CONFIG_FILES    = 
  CONFIG_HEADERS  = 
  CONFIG_LINKS    = 
  CONFIG_COMMANDS = 
  $ ./config.status 

on thibault-0219.ad.office.opendns.com

config.status:807: creating bgpdump.spec
config.status:807: creating Makefile
config.status:807: creating bgpdump-config.h
config.status:977: bgpdump-config.h is unchanged

## ---------------- ##
## Cache variables. ##
## ---------------- ##

ac_cv_c_compiler_gnu=yes
ac_cv_env_CC_set=
ac_cv_env_CC_value=
ac_cv_env_CFLAGS_set=
ac_cv_env_CFLAGS_value=
ac_cv_env_CPPFLAGS_set=
ac_cv_env_CPPFLAGS_value=
ac_cv_env_CPP_set=
ac_cv_env_CPP_value=
ac_cv_env_LDFLAGS_set=
ac_cv_env_LDFLAGS_value=
ac_cv_env_LIBS_set=
ac_cv_env_LIBS_value=
ac_cv_env_build_alias_set=
ac_cv_env_build_alias_value=
ac_cv_env_host_alias_set=
ac_cv_env_host_alias_value=
ac_cv_env_target_alias_set=
ac_cv_env_target_alias_value=
ac_cv_func_inet_ntoa=yes
ac_cv_func_inet_ntop=yes
ac_cv_header_arpa_inet_h=yes
ac_cv_header_inttypes_h=yes
ac_cv_header_memory_h=yes
ac_cv_header_netinet_in_h=yes
ac_cv_header_stdc=yes
ac_cv_header_stdint_h=yes
ac_cv_header_stdlib_h=yes
ac_cv_header_string_h=yes
ac_cv_header_strings_h=yes
ac_cv_header_sys_stat_h=yes
ac_cv_header_sys_types_h=yes
ac_cv_header_syslog_h=yes
ac_cv_header_unistd_h=yes
ac_cv_lib_bz2_BZ2_bzReadOpen=yes
ac_cv_lib_z_gzopen=yes
ac_cv_objext=o
ac_cv_path_EGREP='/usr/bin/grep -E'
ac_cv_path_GREP=/usr/bin/grep
ac_cv_prog_CPP='gcc -E'
ac_cv_prog_ac_ct_CC=gcc
ac_cv_prog_ac_ct_RANLIB=ranlib
ac_cv_prog_cc_c89=
ac_cv_prog_cc_g=yes
ac_cv_struct_tm=time.h
ac_cv_type_u_char_t=no
ac_cv_type_u_int16_t=yes
ac_cv_type_u_int32_t=yes
ac_cv_type_u_int8_t=yes

## ----------------- ##
## Output variables. ##
## ----------------- ##

CC='gcc'
CFLAGS=' -g -O3 -Wall -Wsystem-headers -Wno-format-y2k -Wno-sign-compare -Wcast-align -Wmissing-prototypes -Wpointer-arith -Wreturn-type -Wswitch -Wshadow'
CPP='gcc -E'
CPPFLAGS=''
DEFS='-DHAVE_CONFIG_H'
ECHO_C='\c'
ECHO_N=''
ECHO_T=''
EGREP='/usr/bin/grep -E'
EXEEXT=''
GREP='/usr/bin/grep'
LDFLAGS=' -dynamiclib'
LIBOBJS=''
LIBS='-lbz2 -lz '
LTLIBOBJS=''
OBJEXT='o'
PACKAGE_BUGREPORT='ris@ripe.net'
PACKAGE_NAME='libbgpdump'
PACKAGE_STRING='libbgpdump 1.4.99.14'
PACKAGE_TARNAME='libbgpdump'
PACKAGE_URL=''
PACKAGE_VERSION='1.4.99.14'
PATH_SEPARATOR=':'
RANLIB='ranlib'
SHELL='/bin/sh'
ac_ct_CC='gcc'
bindir='${exec_prefix}/bin'
build_alias=''
datadir='${datarootdir}'
datarootdir='${prefix}/share'
docdir='${datarootdir}/doc/${PACKAGE_TARNAME}'
dvidir='${docdir}'
exec_prefix='${prefix}'
host_alias=''
htmldir='${docdir}'
includedir='${prefix}/include'
infodir='${datarootdir}/info'
libdir='${exec_prefix}/lib'
libexecdir='${exec_prefix}/libexec'
localedir='${datarootdir}/locale'
localstatedir='${prefix}/var'
mandir='${datarootdir}/man'
oldincludedir='/usr/include'
pdfdir='${docdir}'
prefix='/usr/local'
program_transform_name='s,x,x,'
psdir='${docdir}'
sbindir='${exec_prefix}/sbin'
sharedstatedir='${prefix}/com'
sysconfdir='${prefix}/etc'
target_alias=''

## ----------- ##
## confdefs.h. ##
## ----------- ##

/* confdefs.h */
#define PACKAGE_NAME "libbgpdump"
#define PACKAGE_TARNAME "libbgpdump"
#define PACKAGE_VERSION "1.4.99.14"
#define PACKAGE_STRING "libbgpdump 1.4.99.14"
#define PACKAGE_BUGREPORT "ris@ripe.net"
#define PACKAGE_URL ""
#define STDC_HEADERS 1
#define HAVE_SYS_TYPES_H 1
#define HAVE_SYS_STAT_H 1
#define HAVE_STDLIB_H 1
#define HAVE_STRING_H 1
#define HAVE_MEMORY_H 1
#define HAVE_STRINGS_H 1
#define HAVE_INTTYPES_H 1
#define HAVE_STDINT_H 1
#define HAVE_UNISTD_H 1
#define HAVE_ARPA_INET_H 1
#define HAVE_NETINET_IN_H 1
#define HAVE_SYSLOG_H 1
#define u_char_t uchar_t
#define HAVE_LIBZ 1
#define HAVE_LIBBZ2 1
#define HAVE_INET_NTOA 1
#define HAVE_INET_NTOP 1

configure: exit 0
